<?xml version="1.0" encoding="UTF-8"?>
<!-- Generated by org.testng.reporters.JUnitXMLReporter -->
<testsuite ignored="0" hostname="users-MBP" failures="0" tests="3" name="Default test" time="0.435" errors="0" timestamp="2023-04-16T23:58:32 WAT">
  <testcase classname="dataDriven.excelDataProvider.dataProvide" name="testCaseData" time="0.008"/>
  <testcase classname="dataDriven.excelDataProvider.dataProvide" name="testCaseData" time="0.001"/>
  <testcase classname="dataDriven.excelDataProvider.dataProvide" name="testCaseData" time="0.001"/>
</testsuite> <!-- Default test -->
