<?xml version="1.0" encoding="UTF-8"?>
<testng-results ignored="0" total="3" passed="3" failed="0" skipped="0">
  <reporter-output>
  </reporter-output>
  <suite started-at="2023-04-16T23:58:32 WAT" name="Default suite" finished-at="2023-04-16T23:58:32 WAT" duration-ms="435">
    <groups>
    </groups>
    <test started-at="2023-04-16T23:58:32 WAT" name="Default test" finished-at="2023-04-16T23:58:32 WAT" duration-ms="435">
      <class name="dataDriven.excelDataProvider.dataProvide">
        <test-method signature="testCaseData(java.lang.String,java.lang.String,java.lang.String)[pri:0, instance:dataDriven.excelDataProvider.dataProvide@6a400542]" started-at="2023-04-16T23:58:32 WAT" name="testCaseData" data-provider="driveTest" finished-at="2023-04-16T23:58:32 WAT" duration-ms="8" status="PASS">
          <params>
            <param index="0">
              <value>
                <![CDATA[hello]]>
              </value>
            </param>
            <param index="1">
              <value>
                <![CDATA[text]]>
              </value>
            </param>
            <param index="2">
              <value>
                <![CDATA[1]]>
              </value>
            </param>
          </params>
          <reporter-output>
          </reporter-output>
        </test-method> <!-- testCaseData -->
        <test-method signature="testCaseData(java.lang.String,java.lang.String,java.lang.String)[pri:0, instance:dataDriven.excelDataProvider.dataProvide@6a400542]" started-at="2023-04-16T23:58:32 WAT" name="testCaseData" data-provider="driveTest" finished-at="2023-04-16T23:58:32 WAT" duration-ms="1" status="PASS">
          <params>
            <param index="0">
              <value>
                <![CDATA[bye]]>
              </value>
            </param>
            <param index="1">
              <value>
                <![CDATA[message]]>
              </value>
            </param>
            <param index="2">
              <value>
                <![CDATA[143]]>
              </value>
            </param>
          </params>
          <reporter-output>
          </reporter-output>
        </test-method> <!-- testCaseData -->
        <test-method signature="testCaseData(java.lang.String,java.lang.String,java.lang.String)[pri:0, instance:dataDriven.excelDataProvider.dataProvide@6a400542]" started-at="2023-04-16T23:58:32 WAT" name="testCaseData" data-provider="driveTest" finished-at="2023-04-16T23:58:32 WAT" duration-ms="1" status="PASS">
          <params>
            <param index="0">
              <value>
                <![CDATA[solo]]>
              </value>
            </param>
            <param index="1">
              <value>
                <![CDATA[call]]>
              </value>
            </param>
            <param index="2">
              <value>
                <![CDATA[453]]>
              </value>
            </param>
          </params>
          <reporter-output>
          </reporter-output>
        </test-method> <!-- testCaseData -->
      </class> <!-- dataDriven.excelDataProvider.dataProvide -->
    </test> <!-- Default test -->
  </suite> <!-- Default suite -->
</testng-results>
